<?xml version="1.0" encoding="UTF-8"?>
<testng-results skipped="0" failed="0" ignored="0" total="2" passed="2">
  <reporter-output>
  </reporter-output>
  <suite name="Surefire suite" duration-ms="4831" started-at="2020-07-16T12:18:47Z" finished-at="2020-07-16T12:18:52Z">
    <groups>
    </groups>
    <test name="Surefire test" duration-ms="4831" started-at="2020-07-16T12:18:47Z" finished-at="2020-07-16T12:18:52Z">
      <class name="com.student.tests.CrudTest">
        <test-method status="PASS" signature="initUrl()[pri:0, instance:com.student.tests.CrudTest@4a951911]" name="initUrl" is-config="true" duration-ms="806" started-at="2020-07-16T12:18:47Z" finished-at="2020-07-16T12:18:48Z">
          <reporter-output>
          </reporter-output>
        </test-method> <!-- initUrl -->
        <test-method status="PASS" signature="createNewStudent()[pri:0, instance:com.student.tests.CrudTest@4a951911]" name="createNewStudent" duration-ms="3542" started-at="2020-07-16T12:18:48Z" finished-at="2020-07-16T12:18:51Z">
          <reporter-output>
          </reporter-output>
        </test-method> <!-- createNewStudent -->
        <test-method status="PASS" signature="getResult()[pri:0, instance:com.student.tests.CrudTest@4a951911]" name="getResult" duration-ms="385" started-at="2020-07-16T12:18:51Z" description="get the student list" finished-at="2020-07-16T12:18:52Z">
          <reporter-output>
          </reporter-output>
        </test-method> <!-- getResult -->
      </class> <!-- com.student.tests.CrudTest -->
    </test> <!-- Surefire test -->
  </suite> <!-- Surefire suite -->
</testng-results>
